[INFO  - 2016-01-27T21:05:48.838Z] GhostDriver - Main - running on port 23093
[INFO  - 2016-01-27T21:05:48.999Z] Session [bda0d4f0-c539-11e5-ab3b-1b1215988596] - page.settings - {"XSSAuditingEnabled":false,"javascriptCanCloseWindows":true,"javascriptCanOpenWindows":true,"javascriptEnabled":true,"loadImages":true,"localToRemoteUrlAccessEnabled":false,"userAgent":"Mozilla/5.0 (Unknown; Linux x86_64) AppleWebKit/538.1 (KHTML, like Gecko) PhantomJS/2.1.1 Safari/538.1","webSecurityEnabled":true}
[INFO  - 2016-01-27T21:05:49.000Z] Session [bda0d4f0-c539-11e5-ab3b-1b1215988596] - page.customHeaders:  - {}
[INFO  - 2016-01-27T21:05:49.002Z] Session [bda0d4f0-c539-11e5-ab3b-1b1215988596] - Session.negotiatedCapabilities - {"browserName":"phantomjs","version":"2.1.1","driverName":"ghostdriver","driverVersion":"1.2.0","platform":"linux-unknown-64bit","javascriptEnabled":true,"takesScreenshot":true,"handlesAlerts":false,"databaseEnabled":false,"locationContextEnabled":false,"applicationCacheEnabled":false,"browserConnectionEnabled":false,"cssSelectorsEnabled":true,"webStorageEnabled":false,"rotatable":false,"acceptSslCerts":false,"nativeEvents":true,"proxy":{"proxyType":"direct"}}
[INFO  - 2016-01-27T21:05:49.004Z] SessionManagerReqHand - _postNewSessionCommand - New Session Created: bda0d4f0-c539-11e5-ab3b-1b1215988596
[INFO  - 2016-01-27T21:05:49.684Z] ShutdownReqHand - _handle - About to shutdown
[INFO  - 2016-01-27T21:31:40.510Z] GhostDriver - Main - running on port 6254
[INFO  - 2016-01-27T21:31:40.775Z] Session [5a8ec0d0-c53d-11e5-96d8-374963602b74] - page.settings - {"XSSAuditingEnabled":false,"javascriptCanCloseWindows":true,"javascriptCanOpenWindows":true,"javascriptEnabled":true,"loadImages":true,"localToRemoteUrlAccessEnabled":false,"userAgent":"Mozilla/5.0 (Unknown; Linux x86_64) AppleWebKit/538.1 (KHTML, like Gecko) PhantomJS/2.1.1 Safari/538.1","webSecurityEnabled":true}
[INFO  - 2016-01-27T21:31:40.775Z] Session [5a8ec0d0-c53d-11e5-96d8-374963602b74] - page.customHeaders:  - {}
[INFO  - 2016-01-27T21:31:40.777Z] Session [5a8ec0d0-c53d-11e5-96d8-374963602b74] - Session.negotiatedCapabilities - {"browserName":"phantomjs","version":"2.1.1","driverName":"ghostdriver","driverVersion":"1.2.0","platform":"linux-unknown-64bit","javascriptEnabled":true,"takesScreenshot":true,"handlesAlerts":false,"databaseEnabled":false,"locationContextEnabled":false,"applicationCacheEnabled":false,"browserConnectionEnabled":false,"cssSelectorsEnabled":true,"webStorageEnabled":false,"rotatable":false,"acceptSslCerts":false,"nativeEvents":true,"proxy":{"proxyType":"direct"}}
[INFO  - 2016-01-27T21:31:40.779Z] SessionManagerReqHand - _postNewSessionCommand - New Session Created: 5a8ec0d0-c53d-11e5-96d8-374963602b74
[INFO  - 2016-01-27T21:31:41.489Z] ShutdownReqHand - _handle - About to shutdown
[INFO  - 2016-01-27T21:46:36.610Z] GhostDriver - Main - running on port 5107
[INFO  - 2016-01-27T21:46:37.094Z] Session [70ce54d0-c53f-11e5-9993-53d39db2e6c0] - page.settings - {"XSSAuditingEnabled":false,"javascriptCanCloseWindows":true,"javascriptCanOpenWindows":true,"javascriptEnabled":true,"loadImages":true,"localToRemoteUrlAccessEnabled":false,"userAgent":"Mozilla/5.0 (Unknown; Linux x86_64) AppleWebKit/538.1 (KHTML, like Gecko) PhantomJS/2.1.1 Safari/538.1","webSecurityEnabled":true}
[INFO  - 2016-01-27T21:46:37.095Z] Session [70ce54d0-c53f-11e5-9993-53d39db2e6c0] - page.customHeaders:  - {}
[INFO  - 2016-01-27T21:46:37.097Z] Session [70ce54d0-c53f-11e5-9993-53d39db2e6c0] - Session.negotiatedCapabilities - {"browserName":"phantomjs","version":"2.1.1","driverName":"ghostdriver","driverVersion":"1.2.0","platform":"linux-unknown-64bit","javascriptEnabled":true,"takesScreenshot":true,"handlesAlerts":false,"databaseEnabled":false,"locationContextEnabled":false,"applicationCacheEnabled":false,"browserConnectionEnabled":false,"cssSelectorsEnabled":true,"webStorageEnabled":false,"rotatable":false,"acceptSslCerts":false,"nativeEvents":true,"proxy":{"proxyType":"direct"}}
[INFO  - 2016-01-27T21:46:37.099Z] SessionManagerReqHand - _postNewSessionCommand - New Session Created: 70ce54d0-c53f-11e5-9993-53d39db2e6c0
[INFO  - 2016-01-27T21:46:37.816Z] ShutdownReqHand - _handle - About to shutdown
[INFO  - 2016-01-27T22:14:24.516Z] GhostDriver - Main - running on port 17002
[INFO  - 2016-01-27T22:14:24.898Z] Session [52e50690-c543-11e5-bbef-1b6ab4cff7b7] - page.settings - {"XSSAuditingEnabled":false,"javascriptCanCloseWindows":true,"javascriptCanOpenWindows":true,"javascriptEnabled":true,"loadImages":true,"localToRemoteUrlAccessEnabled":false,"userAgent":"Mozilla/5.0 (Unknown; Linux x86_64) AppleWebKit/538.1 (KHTML, like Gecko) PhantomJS/2.1.1 Safari/538.1","webSecurityEnabled":true}
[INFO  - 2016-01-27T22:14:24.899Z] Session [52e50690-c543-11e5-bbef-1b6ab4cff7b7] - page.customHeaders:  - {}
[INFO  - 2016-01-27T22:14:24.901Z] Session [52e50690-c543-11e5-bbef-1b6ab4cff7b7] - Session.negotiatedCapabilities - {"browserName":"phantomjs","version":"2.1.1","driverName":"ghostdriver","driverVersion":"1.2.0","platform":"linux-unknown-64bit","javascriptEnabled":true,"takesScreenshot":true,"handlesAlerts":false,"databaseEnabled":false,"locationContextEnabled":false,"applicationCacheEnabled":false,"browserConnectionEnabled":false,"cssSelectorsEnabled":true,"webStorageEnabled":false,"rotatable":false,"acceptSslCerts":false,"nativeEvents":true,"proxy":{"proxyType":"direct"}}
[INFO  - 2016-01-27T22:14:24.901Z] SessionManagerReqHand - _postNewSessionCommand - New Session Created: 52e50690-c543-11e5-bbef-1b6ab4cff7b7
[INFO  - 2016-01-27T22:14:25.636Z] ShutdownReqHand - _handle - About to shutdown
[INFO  - 2016-01-28T13:27:29.855Z] GhostDriver - Main - running on port 8066
[INFO  - 2016-01-28T13:27:30.229Z] Session [e17ef7b0-c5c2-11e5-9a43-094a3d1736ba] - page.settings - {"XSSAuditingEnabled":false,"javascriptCanCloseWindows":true,"javascriptCanOpenWindows":true,"javascriptEnabled":true,"loadImages":true,"localToRemoteUrlAccessEnabled":false,"userAgent":"Mozilla/5.0 (Unknown; Linux x86_64) AppleWebKit/538.1 (KHTML, like Gecko) PhantomJS/2.1.1 Safari/538.1","webSecurityEnabled":true}
[INFO  - 2016-01-28T13:27:30.229Z] Session [e17ef7b0-c5c2-11e5-9a43-094a3d1736ba] - page.customHeaders:  - {}
[INFO  - 2016-01-28T13:27:30.231Z] Session [e17ef7b0-c5c2-11e5-9a43-094a3d1736ba] - Session.negotiatedCapabilities - {"browserName":"phantomjs","version":"2.1.1","driverName":"ghostdriver","driverVersion":"1.2.0","platform":"linux-unknown-64bit","javascriptEnabled":true,"takesScreenshot":true,"handlesAlerts":false,"databaseEnabled":false,"locationContextEnabled":false,"applicationCacheEnabled":false,"browserConnectionEnabled":false,"cssSelectorsEnabled":true,"webStorageEnabled":false,"rotatable":false,"acceptSslCerts":false,"nativeEvents":true,"proxy":{"proxyType":"direct"}}
[INFO  - 2016-01-28T13:27:30.232Z] SessionManagerReqHand - _postNewSessionCommand - New Session Created: e17ef7b0-c5c2-11e5-9a43-094a3d1736ba
[INFO  - 2016-01-28T13:27:30.987Z] ShutdownReqHand - _handle - About to shutdown
[INFO  - 2016-01-28T13:32:17.376Z] GhostDriver - Main - running on port 4902
[INFO  - 2016-01-28T13:32:17.677Z] Session [8cd4f790-c5c3-11e5-8a35-dbf9aa25c9a7] - page.settings - {"XSSAuditingEnabled":false,"javascriptCanCloseWindows":true,"javascriptCanOpenWindows":true,"javascriptEnabled":true,"loadImages":true,"localToRemoteUrlAccessEnabled":false,"userAgent":"Mozilla/5.0 (Unknown; Linux x86_64) AppleWebKit/538.1 (KHTML, like Gecko) PhantomJS/2.1.1 Safari/538.1","webSecurityEnabled":true}
[INFO  - 2016-01-28T13:32:17.677Z] Session [8cd4f790-c5c3-11e5-8a35-dbf9aa25c9a7] - page.customHeaders:  - {}
[INFO  - 2016-01-28T13:32:17.679Z] Session [8cd4f790-c5c3-11e5-8a35-dbf9aa25c9a7] - Session.negotiatedCapabilities - {"browserName":"phantomjs","version":"2.1.1","driverName":"ghostdriver","driverVersion":"1.2.0","platform":"linux-unknown-64bit","javascriptEnabled":true,"takesScreenshot":true,"handlesAlerts":false,"databaseEnabled":false,"locationContextEnabled":false,"applicationCacheEnabled":false,"browserConnectionEnabled":false,"cssSelectorsEnabled":true,"webStorageEnabled":false,"rotatable":false,"acceptSslCerts":false,"nativeEvents":true,"proxy":{"proxyType":"direct"}}
[INFO  - 2016-01-28T13:32:17.680Z] SessionManagerReqHand - _postNewSessionCommand - New Session Created: 8cd4f790-c5c3-11e5-8a35-dbf9aa25c9a7
[INFO  - 2016-01-28T13:32:18.271Z] ShutdownReqHand - _handle - About to shutdown
